c:\users\ldc0119\downloads\bomb-defuse-game-master\bomb-defuse-game-master\bomb defuse\debug\vc140.pdb
c:\users\ldc0119\downloads\bomb-defuse-game-master\bomb-defuse-game-master\bomb defuse\debug\vc140.idb
c:\users\ldc0119\downloads\bomb-defuse-game-master\bomb-defuse-game-master\bomb defuse\debug\abort.obj
c:\users\ldc0119\downloads\bomb-defuse-game-master\bomb-defuse-game-master\bomb defuse\debug\debug.obj
c:\users\ldc0119\downloads\bomb-defuse-game-master\bomb-defuse-game-master\bomb defuse\debug\gamerenderer.obj
c:\users\ldc0119\downloads\bomb-defuse-game-master\bomb-defuse-game-master\bomb defuse\debug\imagefilenamelist.obj
c:\users\ldc0119\downloads\bomb-defuse-game-master\bomb-defuse-game-master\bomb defuse\debug\ipmgr.obj
c:\users\ldc0119\downloads\bomb-defuse-game-master\bomb-defuse-game-master\bomb defuse\debug\main.obj
c:\users\ldc0119\downloads\bomb-defuse-game-master\bomb-defuse-game-master\bomb defuse\debug\object.obj
c:\users\ldc0119\downloads\bomb-defuse-game-master\bomb-defuse-game-master\bomb defuse\debug\renderer.obj
c:\users\ldc0119\downloads\bomb-defuse-game-master\bomb-defuse-game-master\bomb defuse\debug\shader.obj
c:\users\ldc0119\downloads\bomb-defuse-game-master\bomb-defuse-game-master\bomb defuse\debug\sprite.obj
c:\users\ldc0119\downloads\bomb-defuse-game-master\bomb-defuse-game-master\bomb defuse\debug\timer.obj
c:\users\ldc0119\downloads\bomb-defuse-game-master\bomb-defuse-game-master\bomb defuse\debug\tinyxml2.obj
c:\users\ldc0119\downloads\bomb-defuse-game-master\bomb-defuse-game-master\bomb defuse\debug\window.obj
c:\users\ldc0119\downloads\bomb-defuse-game-master\bomb-defuse-game-master\bomb defuse\debug\pixelshader.cso
c:\users\ldc0119\downloads\bomb-defuse-game-master\bomb-defuse-game-master\bomb defuse\debug\vertexshader.cso
c:\users\ldc0119\downloads\bomb-defuse-game-master\bomb-defuse-game-master\bomb defuse\debug\ned's turkey farm.ilk
c:\users\ldc0119\downloads\bomb-defuse-game-master\bomb-defuse-game-master\bomb defuse\debug\ned's turkey farm.exe
c:\users\ldc0119\downloads\bomb-defuse-game-master\bomb-defuse-game-master\bomb defuse\debug\ned's turkey farm.pdb
c:\users\ldc0119\downloads\bomb-defuse-game-master\bomb-defuse-game-master\bomb defuse\debug\ned's turkey farm.res
c:\users\ldc0119\downloads\bomb-defuse-game-master\bomb-defuse-game-master\bomb defuse\debug\ned's tu.9acdd37a.tlog\cl.command.1.tlog
c:\users\ldc0119\downloads\bomb-defuse-game-master\bomb-defuse-game-master\bomb defuse\debug\ned's tu.9acdd37a.tlog\cl.read.1.tlog
c:\users\ldc0119\downloads\bomb-defuse-game-master\bomb-defuse-game-master\bomb defuse\debug\ned's tu.9acdd37a.tlog\cl.write.1.tlog
c:\users\ldc0119\downloads\bomb-defuse-game-master\bomb-defuse-game-master\bomb defuse\debug\ned's tu.9acdd37a.tlog\fxc.command.1.tlog
c:\users\ldc0119\downloads\bomb-defuse-game-master\bomb-defuse-game-master\bomb defuse\debug\ned's tu.9acdd37a.tlog\fxc.read.1.tlog
c:\users\ldc0119\downloads\bomb-defuse-game-master\bomb-defuse-game-master\bomb defuse\debug\ned's tu.9acdd37a.tlog\fxc.write.1.tlog
c:\users\ldc0119\downloads\bomb-defuse-game-master\bomb-defuse-game-master\bomb defuse\debug\ned's tu.9acdd37a.tlog\link.command.1.tlog
c:\users\ldc0119\downloads\bomb-defuse-game-master\bomb-defuse-game-master\bomb defuse\debug\ned's tu.9acdd37a.tlog\link.read.1.tlog
c:\users\ldc0119\downloads\bomb-defuse-game-master\bomb-defuse-game-master\bomb defuse\debug\ned's tu.9acdd37a.tlog\link.write.1.tlog
c:\users\ldc0119\downloads\bomb-defuse-game-master\bomb-defuse-game-master\bomb defuse\debug\ned's tu.9acdd37a.tlog\ned's turkey farm.write.1u.tlog
c:\users\ldc0119\downloads\bomb-defuse-game-master\bomb-defuse-game-master\bomb defuse\debug\ned's tu.9acdd37a.tlog\rc.command.1.tlog
c:\users\ldc0119\downloads\bomb-defuse-game-master\bomb-defuse-game-master\bomb defuse\debug\ned's tu.9acdd37a.tlog\rc.read.1.tlog
c:\users\ldc0119\downloads\bomb-defuse-game-master\bomb-defuse-game-master\bomb defuse\debug\ned's tu.9acdd37a.tlog\rc.write.1.tlog
