c:\users\ldc0119\desktop\luisrepo\demo 3\debug\vc140.pdb
c:\users\ldc0119\desktop\luisrepo\demo 3\debug\vc140.idb
c:\users\ldc0119\desktop\luisrepo\demo 3\debug\abort.obj
c:\users\ldc0119\desktop\luisrepo\demo 3\debug\debug.obj
c:\users\ldc0119\desktop\luisrepo\demo 3\debug\gamerenderer.obj
c:\users\ldc0119\desktop\luisrepo\demo 3\debug\imagefilenamelist.obj
c:\users\ldc0119\desktop\luisrepo\demo 3\debug\ipmgr.obj
c:\users\ldc0119\desktop\luisrepo\demo 3\debug\main.obj
c:\users\ldc0119\desktop\luisrepo\demo 3\debug\object.obj
c:\users\ldc0119\desktop\luisrepo\demo 3\debug\renderer.obj
c:\users\ldc0119\desktop\luisrepo\demo 3\debug\shader.obj
c:\users\ldc0119\desktop\luisrepo\demo 3\debug\sprite.obj
c:\users\ldc0119\desktop\luisrepo\demo 3\debug\timer.obj
c:\users\ldc0119\desktop\luisrepo\demo 3\debug\tinyxml2.obj
c:\users\ldc0119\desktop\luisrepo\demo 3\debug\window.obj
c:\users\ldc0119\desktop\luisrepo\demo 3\debug\pixelshader.cso
c:\users\ldc0119\desktop\luisrepo\demo 3\debug\vertexshader.cso
c:\users\ldc0119\desktop\luisrepo\demo 3\debug\ned's turkey farm.res
c:\users\ldc0119\desktop\luisrepo\demo 3\debug\ned's turkey farm.pdb
c:\users\ldc0119\desktop\luisrepo\demo 3\debug\ned's tu.9acdd37a.tlog\cl.command.1.tlog
c:\users\ldc0119\desktop\luisrepo\demo 3\debug\ned's tu.9acdd37a.tlog\cl.read.1.tlog
c:\users\ldc0119\desktop\luisrepo\demo 3\debug\ned's tu.9acdd37a.tlog\cl.write.1.tlog
c:\users\ldc0119\desktop\luisrepo\demo 3\debug\ned's tu.9acdd37a.tlog\fxc.command.1.tlog
c:\users\ldc0119\desktop\luisrepo\demo 3\debug\ned's tu.9acdd37a.tlog\fxc.read.1.tlog
c:\users\ldc0119\desktop\luisrepo\demo 3\debug\ned's tu.9acdd37a.tlog\fxc.write.1.tlog
c:\users\ldc0119\desktop\luisrepo\demo 3\debug\ned's tu.9acdd37a.tlog\link.7092.read.1.tlog
c:\users\ldc0119\desktop\luisrepo\demo 3\debug\ned's tu.9acdd37a.tlog\link.7092.write.1.tlog
c:\users\ldc0119\desktop\luisrepo\demo 3\debug\ned's tu.9acdd37a.tlog\link.command.1.tlog
c:\users\ldc0119\desktop\luisrepo\demo 3\debug\ned's tu.9acdd37a.tlog\link.read.1.tlog
c:\users\ldc0119\desktop\luisrepo\demo 3\debug\ned's tu.9acdd37a.tlog\link.write.1.tlog
c:\users\ldc0119\desktop\luisrepo\demo 3\debug\ned's tu.9acdd37a.tlog\ned's turkey farm.write.1u.tlog
c:\users\ldc0119\desktop\luisrepo\demo 3\debug\ned's tu.9acdd37a.tlog\rc.command.1.tlog
c:\users\ldc0119\desktop\luisrepo\demo 3\debug\ned's tu.9acdd37a.tlog\rc.read.1.tlog
c:\users\ldc0119\desktop\luisrepo\demo 3\debug\ned's tu.9acdd37a.tlog\rc.write.1.tlog
