Build started 12/23/2016 5:54:54 PM.
     1>Project "C:\Users\LCDCLUITAR\Desktop\Programming Projects\CSCE 4210\Group8\Src\Ned's Turkey Farm.vcxproj" on node 2 (Build target(s)).
     1>C:\Program Files (x86)\MSBuild\Microsoft.Cpp\v4.0\V140\Microsoft.CppBuild.targets(392,5): warning MSB8028: The intermediate directory (Release\) contains files shared from another project (Ned's Turkey Farm.vcxproj).  This can lead to incorrect clean and rebuild behavior.
     1>ClCompile:
         C:\Program Files (x86)\Microsoft Visual Studio 14.0\VC\bin\CL.exe /c /I..\DirectXTK\Inc /Zi /nologo /W3 /WX- /sdl /O2 /Oi /Oy- /GL /D WIN32 /D NDEBUG /D _WINDOWS /Gm- /EHsc /MD /GS /Gy /fp:precise /Zc:wchar_t /Zc:forScope /Zc:inline /Fo"Release\\" /Fd"Release\vc140.pdb" /Gd /TP /analyze- /errorReport:prompt Code\Main.cpp
         Main.cpp
     1>Code\Main.cpp(265): warning C4244: 'initializing': conversion from 'int' to 'float', possible loss of data
     1>Code\Main.cpp(318): warning C4244: 'initializing': conversion from 'int' to 'float', possible loss of data
     1>Code\Main.cpp(428): warning C4244: 'initializing': conversion from 'int' to 'float', possible loss of data
     1>Code\Main.cpp(454): warning C4244: 'initializing': conversion from 'int' to 'float', possible loss of data
     1>Code\Main.cpp(511): warning C4244: 'initializing': conversion from 'int' to 'float', possible loss of data
     1>Code\Main.cpp(558): warning C4244: 'initializing': conversion from 'int' to 'float', possible loss of data
     1>Code\Main.cpp(596): warning C4244: 'initializing': conversion from 'int' to 'float', possible loss of data
     1>Code\Main.cpp(668): warning C4244: 'initializing': conversion from 'int' to 'float', possible loss of data
     1>Code\Main.cpp(816): warning C4244: 'initializing': conversion from 'int' to 'float', possible loss of data
     1>Code\Main.cpp(929): warning C4804: '>=': unsafe use of type 'bool' in operation
     1>Code\Main.cpp(931): warning C4804: '>=': unsafe use of type 'bool' in operation
     1>Code\Main.cpp(933): warning C4804: '>=': unsafe use of type 'bool' in operation
     1>Code\Main.cpp(935): warning C4806: '==': unsafe operation: no value of type 'bool' promoted to type 'int' can equal the given constant
       Link:
         C:\Program Files (x86)\Microsoft Visual Studio 14.0\VC\bin\link.exe /ERRORREPORT:PROMPT /OUT:"C:\Users\LCDCLUITAR\Desktop\Programming Projects\CSCE 4210\Group8\Src\Release\Bomb Defuse.exe" /INCREMENTAL:NO /NOLOGO D3DCompiler.lib DXGI.lib D3D11.lib Winmm.lib DirectXTK.lib ws2_32.lib DirectXTKAudioWin8.lib kernel32.lib user32.lib gdi32.lib winspool.lib comdlg32.lib advapi32.lib shell32.lib ole32.lib oleaut32.lib uuid.lib odbc32.lib odbccp32.lib /MANIFEST /MANIFESTUAC:"level='asInvoker' uiAccess='false'" /manifest:embed /Debug /PDB:"C:\Users\LCDCLUITAR\Desktop\Programming Projects\CSCE 4210\Group8\Src\Release\Bomb Defuse.pdb" /SUBSYSTEM:WINDOWS /OPT:REF /OPT:ICF /LTCG:incremental /TLBID:1 /DYNAMICBASE /NXCOMPAT /IMPLIB:"C:\Users\LCDCLUITAR\Desktop\Programming Projects\CSCE 4210\Group8\Src\Release\Bomb Defuse.lib" /MACHINE:X86 /SAFESEH "Release\Ned's Turkey Farm.res"
         Release\abort.obj
         Release\debug.obj
         Release\GameController.obj
         Release\GameRenderer.obj
         Release\ImageFileNameList.obj
         Release\IPMgr.obj
         Release\Main.obj
         Release\Object.obj
         Release\Renderer.obj
         Release\Shader.obj
         Release\Sound.obj
         Release\Sprite.obj
         Release\Timer.obj
         Release\tinyxml2.obj
         Release\Window.obj
         Generating code
         1 of 1553 functions ( 0.1%) were compiled, the rest were copied from previous compilation.
           0 functions were new in current compilation
           1 functions had inline decision re-evaluated but remain unchanged
         Finished generating code
         Ned's Turkey Farm.vcxproj -> C:\Users\LCDCLUITAR\Desktop\Programming Projects\CSCE 4210\Group8\Src\Release\Bomb Defuse.exe
     1>Done Building Project "C:\Users\LCDCLUITAR\Desktop\Programming Projects\CSCE 4210\Group8\Src\Ned's Turkey Farm.vcxproj" (Build target(s)).

Build succeeded.

Time Elapsed 00:00:02.96
